<?xml version="1.0" encoding="UTF-8"?>
<testsuites name="jest tests" tests="3" failures="0" errors="0" time="0.338">
  <testsuite name="GET /home" errors="0" failures="0" skipped="0" timestamp="2024-09-02T17:25:40" time="0.301" tests="3">
    <testcase classname="GET /home should return the home page" name="GET /home should return the home page" time="0.034">
    </testcase>
    <testcase classname="GET /architecture should return the architecture image" name="GET /architecture should return the architecture image" time="0.01">
    </testcase>
    <testcase classname="GET /techstack should return the tech stack page" name="GET /techstack should return the tech stack page" time="0.002">
    </testcase>
  </testsuite>
</testsuites>